2022-09-15 16:05:18,237 0      [           main] DEBUG ache.ibatis.logging.LogFactory  - Logging initialized using 'class org.apache.ibatis.logging.log4j.Log4jImpl' adapter.
2022-09-15 16:05:18,258 21     [           main] DEBUG source.pooled.PooledDataSource  - PooledDataSource forcefully closed/removed all connections.
2022-09-15 16:05:18,258 21     [           main] DEBUG source.pooled.PooledDataSource  - PooledDataSource forcefully closed/removed all connections.
2022-09-15 16:05:18,258 21     [           main] DEBUG source.pooled.PooledDataSource  - PooledDataSource forcefully closed/removed all connections.
2022-09-15 16:05:18,258 21     [           main] DEBUG source.pooled.PooledDataSource  - PooledDataSource forcefully closed/removed all connections.
2022-09-15 16:05:18,348 111    [           main] DEBUG ansaction.jdbc.JdbcTransaction  - Opening JDBC Connection
2022-09-15 16:05:19,575 1338   [           main] DEBUG source.pooled.PooledDataSource  - Created connection 510147134.
2022-09-15 16:05:19,575 1338   [           main] DEBUG ansaction.jdbc.JdbcTransaction  - Setting autocommit to false on JDBC Connection [com.mysql.cj.jdbc.ConnectionImpl@1e683a3e]
2022-09-15 16:05:19,578 1341   [           main] DEBUG   es.kiwi.dao.IUserDao.findAll  - ==>  Preparing: select * from user;
2022-09-15 16:05:19,601 1364   [           main] DEBUG   es.kiwi.dao.IUserDao.findAll  - ==> Parameters: 
2022-09-15 16:05:19,629 1392   [           main] DEBUG   es.kiwi.dao.IUserDao.findAll  - <==      Total: 14
2022-09-15 16:05:19,630 1393   [           main] DEBUG ansaction.jdbc.JdbcTransaction  - Resetting autocommit to true on JDBC Connection [com.mysql.cj.jdbc.ConnectionImpl@1e683a3e]
2022-09-15 16:05:19,631 1394   [           main] DEBUG ansaction.jdbc.JdbcTransaction  - Closing JDBC Connection [com.mysql.cj.jdbc.ConnectionImpl@1e683a3e]
2022-09-15 16:05:19,631 1394   [           main] DEBUG source.pooled.PooledDataSource  - Returned connection 510147134 to pool.
2022-09-15 16:05:33,787 0      [           main] DEBUG ache.ibatis.logging.LogFactory  - Logging initialized using 'class org.apache.ibatis.logging.log4j.Log4jImpl' adapter.
2022-09-15 16:05:33,804 17     [           main] DEBUG source.pooled.PooledDataSource  - PooledDataSource forcefully closed/removed all connections.
2022-09-15 16:05:33,804 17     [           main] DEBUG source.pooled.PooledDataSource  - PooledDataSource forcefully closed/removed all connections.
2022-09-15 16:05:33,804 17     [           main] DEBUG source.pooled.PooledDataSource  - PooledDataSource forcefully closed/removed all connections.
2022-09-15 16:05:33,804 17     [           main] DEBUG source.pooled.PooledDataSource  - PooledDataSource forcefully closed/removed all connections.
2022-09-15 16:05:33,883 96     [           main] DEBUG ansaction.jdbc.JdbcTransaction  - Opening JDBC Connection
2022-09-15 16:05:34,985 1198   [           main] DEBUG source.pooled.PooledDataSource  - Created connection 50699452.
2022-09-15 16:05:34,985 1198   [           main] DEBUG ansaction.jdbc.JdbcTransaction  - Setting autocommit to false on JDBC Connection [com.mysql.cj.jdbc.ConnectionImpl@3059cbc]
2022-09-15 16:05:34,987 1200   [           main] DEBUG s.kiwi.dao.IUserDao.updateUser  - ==>  Preparing: update user set username=?,address=?,sex=?,birthday=? where id=?
2022-09-15 16:05:35,020 1233   [           main] DEBUG s.kiwi.dao.IUserDao.updateUser  - ==> Parameters: userdaoimpl update user(String), 北京市顺义区(String), 女(String), 2022-09-15 16:05:33.876(Timestamp), 50(Integer)
2022-09-15 16:05:35,028 1241   [           main] DEBUG s.kiwi.dao.IUserDao.updateUser  - <==    Updates: 0
2022-09-15 16:05:35,028 1241   [           main] DEBUG ansaction.jdbc.JdbcTransaction  - Committing JDBC Connection [com.mysql.cj.jdbc.ConnectionImpl@3059cbc]
2022-09-15 16:05:35,030 1243   [           main] DEBUG ansaction.jdbc.JdbcTransaction  - Resetting autocommit to true on JDBC Connection [com.mysql.cj.jdbc.ConnectionImpl@3059cbc]
2022-09-15 16:05:35,030 1243   [           main] DEBUG ansaction.jdbc.JdbcTransaction  - Closing JDBC Connection [com.mysql.cj.jdbc.ConnectionImpl@3059cbc]
2022-09-15 16:05:35,031 1244   [           main] DEBUG source.pooled.PooledDataSource  - Returned connection 50699452 to pool.
2022-09-15 16:05:42,707 0      [           main] DEBUG ache.ibatis.logging.LogFactory  - Logging initialized using 'class org.apache.ibatis.logging.log4j.Log4jImpl' adapter.
2022-09-15 16:05:42,731 24     [           main] DEBUG source.pooled.PooledDataSource  - PooledDataSource forcefully closed/removed all connections.
2022-09-15 16:05:42,731 24     [           main] DEBUG source.pooled.PooledDataSource  - PooledDataSource forcefully closed/removed all connections.
2022-09-15 16:05:42,731 24     [           main] DEBUG source.pooled.PooledDataSource  - PooledDataSource forcefully closed/removed all connections.
2022-09-15 16:05:42,731 24     [           main] DEBUG source.pooled.PooledDataSource  - PooledDataSource forcefully closed/removed all connections.
2022-09-15 16:05:42,820 113    [           main] DEBUG ansaction.jdbc.JdbcTransaction  - Opening JDBC Connection
2022-09-15 16:05:43,945 1238   [           main] DEBUG source.pooled.PooledDataSource  - Created connection 510147134.
2022-09-15 16:05:43,945 1238   [           main] DEBUG ansaction.jdbc.JdbcTransaction  - Setting autocommit to false on JDBC Connection [com.mysql.cj.jdbc.ConnectionImpl@1e683a3e]
2022-09-15 16:05:43,948 1241   [           main] DEBUG es.kiwi.dao.IUserDao.findTotal  - ==>  Preparing: select count(id) from user;
2022-09-15 16:05:43,973 1266   [           main] DEBUG es.kiwi.dao.IUserDao.findTotal  - ==> Parameters: 
2022-09-15 16:05:43,998 1291   [           main] DEBUG es.kiwi.dao.IUserDao.findTotal  - <==      Total: 1
2022-09-15 16:05:43,999 1292   [           main] DEBUG ansaction.jdbc.JdbcTransaction  - Resetting autocommit to true on JDBC Connection [com.mysql.cj.jdbc.ConnectionImpl@1e683a3e]
2022-09-15 16:05:44,000 1293   [           main] DEBUG ansaction.jdbc.JdbcTransaction  - Closing JDBC Connection [com.mysql.cj.jdbc.ConnectionImpl@1e683a3e]
2022-09-15 16:05:44,000 1293   [           main] DEBUG source.pooled.PooledDataSource  - Returned connection 510147134 to pool.
2022-09-16 19:27:59,982 1      [           main] DEBUG ache.ibatis.logging.LogFactory  - Logging initialized using 'class org.apache.ibatis.logging.log4j.Log4jImpl' adapter.
2022-09-16 19:28:00,036 55     [           main] DEBUG source.pooled.PooledDataSource  - PooledDataSource forcefully closed/removed all connections.
2022-09-16 19:28:00,036 55     [           main] DEBUG source.pooled.PooledDataSource  - PooledDataSource forcefully closed/removed all connections.
2022-09-16 19:28:00,036 55     [           main] DEBUG source.pooled.PooledDataSource  - PooledDataSource forcefully closed/removed all connections.
2022-09-16 19:28:00,036 55     [           main] DEBUG source.pooled.PooledDataSource  - PooledDataSource forcefully closed/removed all connections.
2022-09-16 19:38:22,868 622887 [           main] DEBUG ansaction.jdbc.JdbcTransaction  - Opening JDBC Connection
2022-09-16 19:38:27,644 627663 [           main] DEBUG source.pooled.PooledDataSource  - Created connection 1959708563.
2022-09-16 19:38:27,644 627663 [           main] DEBUG ansaction.jdbc.JdbcTransaction  - Setting autocommit to false on JDBC Connection [com.mysql.cj.jdbc.ConnectionImpl@74cec793]
2022-09-16 19:41:58,864 838883 [           main] DEBUG  es.kiwi.dao.IUserDao.saveUser  - ==>  Preparing: insert into user(username,address,sex,birthday)values(?,?,?,?);
2022-09-16 19:49:19,552 1279571 [           main] DEBUG  es.kiwi.dao.IUserDao.saveUser  - ==> Parameters: dao impl user(String), 北京市顺义区(String), 男(String), 2022-09-16 19:28:00.361(Timestamp)
2022-09-16 19:49:19,613 1279632 [           main] DEBUG  es.kiwi.dao.IUserDao.saveUser  - <==    Updates: 1
2022-09-16 19:49:19,630 1279649 [           main] DEBUG ao.IUserDao.saveUser!selectKey  - ==>  Preparing: select last_insert_id();
2022-09-16 19:49:19,630 1279649 [           main] DEBUG ao.IUserDao.saveUser!selectKey  - ==> Parameters: 
2022-09-16 19:49:19,666 1279685 [           main] DEBUG ao.IUserDao.saveUser!selectKey  - <==      Total: 1
2022-09-16 19:49:19,668 1279687 [           main] DEBUG ansaction.jdbc.JdbcTransaction  - Committing JDBC Connection [com.mysql.cj.jdbc.ConnectionImpl@74cec793]
2022-09-16 19:49:19,672 1279691 [           main] DEBUG ansaction.jdbc.JdbcTransaction  - Resetting autocommit to true on JDBC Connection [com.mysql.cj.jdbc.ConnectionImpl@74cec793]
2022-09-16 19:49:19,673 1279692 [           main] DEBUG ansaction.jdbc.JdbcTransaction  - Closing JDBC Connection [com.mysql.cj.jdbc.ConnectionImpl@74cec793]
2022-09-16 19:49:19,673 1279692 [           main] DEBUG source.pooled.PooledDataSource  - Returned connection 1959708563 to pool.
2022-09-16 19:49:24,732 0      [           main] DEBUG ache.ibatis.logging.LogFactory  - Logging initialized using 'class org.apache.ibatis.logging.log4j.Log4jImpl' adapter.
2022-09-16 19:49:24,751 19     [           main] DEBUG source.pooled.PooledDataSource  - PooledDataSource forcefully closed/removed all connections.
2022-09-16 19:49:24,751 19     [           main] DEBUG source.pooled.PooledDataSource  - PooledDataSource forcefully closed/removed all connections.
2022-09-16 19:49:24,751 19     [           main] DEBUG source.pooled.PooledDataSource  - PooledDataSource forcefully closed/removed all connections.
2022-09-16 19:49:24,751 19     [           main] DEBUG source.pooled.PooledDataSource  - PooledDataSource forcefully closed/removed all connections.
2022-09-16 19:50:06,044 41312  [           main] DEBUG ansaction.jdbc.JdbcTransaction  - Opening JDBC Connection
2022-09-16 19:50:10,589 45857  [           main] DEBUG source.pooled.PooledDataSource  - Created connection 261845810.
2022-09-16 19:50:10,589 45857  [           main] DEBUG ansaction.jdbc.JdbcTransaction  - Setting autocommit to false on JDBC Connection [com.mysql.cj.jdbc.ConnectionImpl@f9b7332]
2022-09-16 19:50:21,974 57242  [           main] DEBUG  es.kiwi.dao.IUserDao.saveUser  - ==>  Preparing: insert into user(username,address,sex,birthday)values(?,?,?,?);
2022-09-16 19:51:44,658 139926 [           main] DEBUG  es.kiwi.dao.IUserDao.saveUser  - ==> Parameters: dao impl user(String), 北京市顺义区(String), 男(String), 2022-09-16 19:49:24.834(Timestamp)
2022-09-16 19:51:44,663 139931 [           main] DEBUG  es.kiwi.dao.IUserDao.saveUser  - <==    Updates: 1
2022-09-16 19:51:44,667 139935 [           main] DEBUG ao.IUserDao.saveUser!selectKey  - ==>  Preparing: select last_insert_id();
2022-09-16 19:51:44,667 139935 [           main] DEBUG ao.IUserDao.saveUser!selectKey  - ==> Parameters: 
