2021-09-06 14:17:46,521 0      [           main] DEBUG ache.ibatis.logging.LogFactory  - Logging initialized using 'class org.apache.ibatis.logging.log4j.Log4jImpl' adapter.
2021-09-06 14:17:46,542 21     [           main] DEBUG source.pooled.PooledDataSource  - PooledDataSource forcefully closed/removed all connections.
2021-09-06 14:17:46,542 21     [           main] DEBUG source.pooled.PooledDataSource  - PooledDataSource forcefully closed/removed all connections.
2021-09-06 14:19:33,369 0      [           main] DEBUG ache.ibatis.logging.LogFactory  - Logging initialized using 'class org.apache.ibatis.logging.log4j.Log4jImpl' adapter.
2021-09-06 14:19:33,384 15     [           main] DEBUG source.pooled.PooledDataSource  - PooledDataSource forcefully closed/removed all connections.
2021-09-06 14:19:33,385 16     [           main] DEBUG source.pooled.PooledDataSource  - PooledDataSource forcefully closed/removed all connections.
2021-09-06 14:19:33,385 16     [           main] DEBUG source.pooled.PooledDataSource  - PooledDataSource forcefully closed/removed all connections.
2021-09-06 14:19:33,385 16     [           main] DEBUG source.pooled.PooledDataSource  - PooledDataSource forcefully closed/removed all connections.
2021-09-06 14:22:47,568 0      [           main] DEBUG ache.ibatis.logging.LogFactory  - Logging initialized using 'class org.apache.ibatis.logging.log4j.Log4jImpl' adapter.
2021-09-06 14:22:47,588 20     [           main] DEBUG source.pooled.PooledDataSource  - PooledDataSource forcefully closed/removed all connections.
2021-09-06 14:22:47,588 20     [           main] DEBUG source.pooled.PooledDataSource  - PooledDataSource forcefully closed/removed all connections.
2021-09-06 14:22:47,588 20     [           main] DEBUG source.pooled.PooledDataSource  - PooledDataSource forcefully closed/removed all connections.
2021-09-06 14:22:47,588 20     [           main] DEBUG source.pooled.PooledDataSource  - PooledDataSource forcefully closed/removed all connections.
2021-09-06 14:23:12,888 0      [           main] DEBUG ache.ibatis.logging.LogFactory  - Logging initialized using 'class org.apache.ibatis.logging.log4j.Log4jImpl' adapter.
2021-09-06 14:23:12,904 16     [           main] DEBUG source.pooled.PooledDataSource  - PooledDataSource forcefully closed/removed all connections.
2021-09-06 14:23:12,905 17     [           main] DEBUG source.pooled.PooledDataSource  - PooledDataSource forcefully closed/removed all connections.
2021-09-06 14:23:12,905 17     [           main] DEBUG source.pooled.PooledDataSource  - PooledDataSource forcefully closed/removed all connections.
2021-09-06 14:23:12,905 17     [           main] DEBUG source.pooled.PooledDataSource  - PooledDataSource forcefully closed/removed all connections.
2021-09-06 14:23:12,972 84     [           main] DEBUG ansaction.jdbc.JdbcTransaction  - Opening JDBC Connection
2021-09-06 14:23:13,944 1056   [           main] DEBUG source.pooled.PooledDataSource  - Created connection 726181440.
2021-09-06 14:23:13,944 1056   [           main] DEBUG ansaction.jdbc.JdbcTransaction  - Setting autocommit to false on JDBC Connection [com.mysql.cj.jdbc.ConnectionImpl@2b48a640]
2021-09-06 14:23:13,947 1059   [           main] DEBUG   es.es.kiwi.dao.IUserDAO.findAll  - ==>  Preparing: select * from user;
2021-09-06 14:23:13,978 1090   [           main] DEBUG   es.es.kiwi.dao.IUserDAO.findAll  - ==> Parameters:
2021-09-06 14:24:06,738 0      [           main] DEBUG ache.ibatis.logging.LogFactory  - Logging initialized using 'class org.apache.ibatis.logging.log4j.Log4jImpl' adapter.
2021-09-06 14:24:06,753 15     [           main] DEBUG source.pooled.PooledDataSource  - PooledDataSource forcefully closed/removed all connections.
2021-09-06 14:24:06,753 15     [           main] DEBUG source.pooled.PooledDataSource  - PooledDataSource forcefully closed/removed all connections.
2021-09-06 14:24:06,754 16     [           main] DEBUG source.pooled.PooledDataSource  - PooledDataSource forcefully closed/removed all connections.
2021-09-06 14:24:06,754 16     [           main] DEBUG source.pooled.PooledDataSource  - PooledDataSource forcefully closed/removed all connections.
2021-09-06 14:24:06,825 87     [           main] DEBUG ansaction.jdbc.JdbcTransaction  - Opening JDBC Connection
2021-09-06 14:24:07,731 993    [           main] DEBUG source.pooled.PooledDataSource  - Created connection 341138954.
2021-09-06 14:24:07,731 993    [           main] DEBUG ansaction.jdbc.JdbcTransaction  - Setting autocommit to false on JDBC Connection [com.mysql.cj.jdbc.ConnectionImpl@14555e0a]
2021-09-06 14:24:07,733 995    [           main] DEBUG   es.es.kiwi.dao.IUserDAO.findAll  - ==>  Preparing: select * from user;
2021-09-06 14:24:07,762 1024   [           main] DEBUG   es.es.kiwi.dao.IUserDAO.findAll  - ==> Parameters:
2021-09-06 14:24:07,793 1055   [           main] DEBUG   es.es.kiwi.dao.IUserDAO.findAll  - <==      Total: 6
2021-09-06 14:24:07,795 1057   [           main] DEBUG ansaction.jdbc.JdbcTransaction  - Resetting autocommit to true on JDBC Connection [com.mysql.cj.jdbc.ConnectionImpl@14555e0a]
2021-09-06 14:24:07,796 1058   [           main] DEBUG ansaction.jdbc.JdbcTransaction  - Closing JDBC Connection [com.mysql.cj.jdbc.ConnectionImpl@14555e0a]
2021-09-06 14:24:07,797 1059   [           main] DEBUG source.pooled.PooledDataSource  - Returned connection 341138954 to pool.
2021-09-06 15:03:06,233 0      [           main] DEBUG ache.ibatis.logging.LogFactory  - Logging initialized using 'class org.apache.ibatis.logging.log4j.Log4jImpl' adapter.
2021-09-06 15:03:06,250 17     [           main] DEBUG source.pooled.PooledDataSource  - PooledDataSource forcefully closed/removed all connections.
2021-09-06 15:03:06,250 17     [           main] DEBUG source.pooled.PooledDataSource  - PooledDataSource forcefully closed/removed all connections.
2021-09-06 15:03:06,250 17     [           main] DEBUG source.pooled.PooledDataSource  - PooledDataSource forcefully closed/removed all connections.
2021-09-06 15:03:06,250 17     [           main] DEBUG source.pooled.PooledDataSource  - PooledDataSource forcefully closed/removed all connections.
2021-09-06 15:03:06,321 88     [           main] DEBUG ansaction.jdbc.JdbcTransaction  - Opening JDBC Connection
2021-09-06 15:03:07,239 1006   [           main] DEBUG source.pooled.PooledDataSource  - Created connection 341138954.
2021-09-06 15:03:07,239 1006   [           main] DEBUG ansaction.jdbc.JdbcTransaction  - Setting autocommit to false on JDBC Connection [com.mysql.cj.jdbc.ConnectionImpl@14555e0a]
2021-09-06 15:03:07,242 1009   [           main] DEBUG   es.kiwi.dao.IUserDAO.findAll  - ==>  Preparing: select * from user;
2021-09-06 15:03:07,268 1035   [           main] DEBUG   es.kiwi.dao.IUserDAO.findAll  - ==> Parameters: 
2021-09-06 15:03:07,291 1058   [           main] DEBUG   es.kiwi.dao.IUserDAO.findAll  - <==      Total: 6
2021-09-06 15:03:07,293 1060   [           main] DEBUG ansaction.jdbc.JdbcTransaction  - Resetting autocommit to true on JDBC Connection [com.mysql.cj.jdbc.ConnectionImpl@14555e0a]
2021-09-06 15:03:07,294 1061   [           main] DEBUG ansaction.jdbc.JdbcTransaction  - Closing JDBC Connection [com.mysql.cj.jdbc.ConnectionImpl@14555e0a]
2021-09-06 15:03:07,295 1062   [           main] DEBUG source.pooled.PooledDataSource  - Returned connection 341138954 to pool.
2022-07-21 11:38:42,712 1      [           main] DEBUG ache.ibatis.logging.LogFactory  - Logging initialized using 'class org.apache.ibatis.logging.log4j.Log4jImpl' adapter.
2022-07-21 11:38:42,821 110    [           main] DEBUG source.pooled.PooledDataSource  - PooledDataSource forcefully closed/removed all connections.
2022-07-21 11:38:42,821 110    [           main] DEBUG source.pooled.PooledDataSource  - PooledDataSource forcefully closed/removed all connections.
2022-07-21 11:38:42,821 110    [           main] DEBUG source.pooled.PooledDataSource  - PooledDataSource forcefully closed/removed all connections.
2022-07-21 11:38:42,821 110    [           main] DEBUG source.pooled.PooledDataSource  - PooledDataSource forcefully closed/removed all connections.
2022-07-21 11:38:43,106 395    [           main] DEBUG ansaction.jdbc.JdbcTransaction  - Opening JDBC Connection
2022-07-21 11:38:45,927 3216   [           main] DEBUG source.pooled.PooledDataSource  - Created connection 341138954.
2022-07-21 11:38:45,927 3216   [           main] DEBUG ansaction.jdbc.JdbcTransaction  - Setting autocommit to false on JDBC Connection [com.mysql.cj.jdbc.ConnectionImpl@14555e0a]
2022-07-21 11:38:45,932 3221   [           main] DEBUG   es.kiwi.dao.IUserDAO.findAll  - ==>  Preparing: select * from user;
2022-07-21 11:38:45,984 3273   [           main] DEBUG   es.kiwi.dao.IUserDAO.findAll  - ==> Parameters: 
2022-07-21 11:38:46,043 3332   [           main] DEBUG   es.kiwi.dao.IUserDAO.findAll  - <==      Total: 13
2022-07-21 11:38:46,049 3338   [           main] DEBUG ansaction.jdbc.JdbcTransaction  - Resetting autocommit to true on JDBC Connection [com.mysql.cj.jdbc.ConnectionImpl@14555e0a]
2022-07-21 11:38:46,050 3339   [           main] DEBUG ansaction.jdbc.JdbcTransaction  - Closing JDBC Connection [com.mysql.cj.jdbc.ConnectionImpl@14555e0a]
2022-07-21 11:38:46,051 3340   [           main] DEBUG source.pooled.PooledDataSource  - Returned connection 341138954 to pool.
2022-07-21 12:56:46,057 0      [           main] DEBUG ache.ibatis.logging.LogFactory  - Logging initialized using 'class org.apache.ibatis.logging.log4j.Log4jImpl' adapter.
2022-07-21 12:56:46,109 52     [           main] DEBUG source.pooled.PooledDataSource  - PooledDataSource forcefully closed/removed all connections.
2022-07-21 12:56:46,110 53     [           main] DEBUG source.pooled.PooledDataSource  - PooledDataSource forcefully closed/removed all connections.
2022-07-21 12:56:46,110 53     [           main] DEBUG source.pooled.PooledDataSource  - PooledDataSource forcefully closed/removed all connections.
2022-07-21 12:56:46,111 54     [           main] DEBUG source.pooled.PooledDataSource  - PooledDataSource forcefully closed/removed all connections.
2022-07-21 12:56:46,215 158    [           main] DEBUG ansaction.jdbc.JdbcTransaction  - Opening JDBC Connection
2022-07-21 12:56:47,585 1528   [           main] DEBUG source.pooled.PooledDataSource  - Created connection 341138954.
2022-07-21 12:56:47,585 1528   [           main] DEBUG ansaction.jdbc.JdbcTransaction  - Setting autocommit to false on JDBC Connection [com.mysql.cj.jdbc.ConnectionImpl@14555e0a]
2022-07-21 12:56:47,588 1531   [           main] DEBUG   es.kiwi.dao.IUserDAO.findAll  - ==>  Preparing: select * from user;
2022-07-21 12:56:47,610 1553   [           main] DEBUG   es.kiwi.dao.IUserDAO.findAll  - ==> Parameters: 
2022-07-21 12:56:47,639 1582   [           main] DEBUG   es.kiwi.dao.IUserDAO.findAll  - <==      Total: 13
2022-07-21 12:56:47,641 1584   [           main] DEBUG ansaction.jdbc.JdbcTransaction  - Resetting autocommit to true on JDBC Connection [com.mysql.cj.jdbc.ConnectionImpl@14555e0a]
2022-07-21 12:56:47,642 1585   [           main] DEBUG ansaction.jdbc.JdbcTransaction  - Closing JDBC Connection [com.mysql.cj.jdbc.ConnectionImpl@14555e0a]
2022-07-21 12:56:47,642 1585   [           main] DEBUG source.pooled.PooledDataSource  - Returned connection 341138954 to pool.
2022-07-21 12:57:15,850 0      [           main] DEBUG ache.ibatis.logging.LogFactory  - Logging initialized using 'class org.apache.ibatis.logging.log4j.Log4jImpl' adapter.
2022-07-21 12:57:15,866 16     [           main] DEBUG source.pooled.PooledDataSource  - PooledDataSource forcefully closed/removed all connections.
2022-07-21 12:57:15,867 17     [           main] DEBUG source.pooled.PooledDataSource  - PooledDataSource forcefully closed/removed all connections.
2022-07-21 12:57:15,867 17     [           main] DEBUG source.pooled.PooledDataSource  - PooledDataSource forcefully closed/removed all connections.
2022-07-21 12:57:15,867 17     [           main] DEBUG source.pooled.PooledDataSource  - PooledDataSource forcefully closed/removed all connections.
2022-07-21 12:57:15,944 94     [           main] DEBUG ansaction.jdbc.JdbcTransaction  - Opening JDBC Connection
2022-07-21 12:57:17,109 1259   [           main] DEBUG source.pooled.PooledDataSource  - Created connection 341138954.
2022-07-21 12:57:17,109 1259   [           main] DEBUG ansaction.jdbc.JdbcTransaction  - Setting autocommit to false on JDBC Connection [com.mysql.cj.jdbc.ConnectionImpl@14555e0a]
2022-07-21 12:57:17,112 1262   [           main] DEBUG   es.kiwi.dao.IUserDAO.findAll  - ==>  Preparing: select * from user;
2022-07-21 12:57:17,139 1289   [           main] DEBUG   es.kiwi.dao.IUserDAO.findAll  - ==> Parameters: 
2022-07-21 12:57:17,163 1313   [           main] DEBUG   es.kiwi.dao.IUserDAO.findAll  - <==      Total: 13
2022-07-21 12:57:17,166 1316   [           main] DEBUG ansaction.jdbc.JdbcTransaction  - Resetting autocommit to true on JDBC Connection [com.mysql.cj.jdbc.ConnectionImpl@14555e0a]
2022-07-21 12:57:17,167 1317   [           main] DEBUG ansaction.jdbc.JdbcTransaction  - Closing JDBC Connection [com.mysql.cj.jdbc.ConnectionImpl@14555e0a]
2022-07-21 12:57:17,167 1317   [           main] DEBUG source.pooled.PooledDataSource  - Returned connection 341138954 to pool.
2022-09-09 11:34:44,100 0      [           main] DEBUG ache.ibatis.logging.LogFactory  - Logging initialized using 'class org.apache.ibatis.logging.log4j.Log4jImpl' adapter.
2022-09-09 11:34:44,153 53     [           main] DEBUG source.pooled.PooledDataSource  - PooledDataSource forcefully closed/removed all connections.
2022-09-09 11:34:44,153 53     [           main] DEBUG source.pooled.PooledDataSource  - PooledDataSource forcefully closed/removed all connections.
2022-09-09 11:34:44,153 53     [           main] DEBUG source.pooled.PooledDataSource  - PooledDataSource forcefully closed/removed all connections.
2022-09-09 11:34:44,154 54     [           main] DEBUG source.pooled.PooledDataSource  - PooledDataSource forcefully closed/removed all connections.
2022-09-09 11:34:44,242 142    [           main] DEBUG ansaction.jdbc.JdbcTransaction  - Opening JDBC Connection
2022-09-09 11:34:45,328 1228   [           main] DEBUG source.pooled.PooledDataSource  - Created connection 341138954.
2022-09-09 11:34:45,328 1228   [           main] DEBUG ansaction.jdbc.JdbcTransaction  - Setting autocommit to false on JDBC Connection [com.mysql.cj.jdbc.ConnectionImpl@14555e0a]
2022-09-09 11:34:45,332 1232   [           main] DEBUG   es.kiwi.dao.IUserDAO.findAll  - ==>  Preparing: select * from user;
2022-09-09 11:34:45,356 1256   [           main] DEBUG   es.kiwi.dao.IUserDAO.findAll  - ==> Parameters: 
2022-09-09 11:34:45,383 1283   [           main] DEBUG   es.kiwi.dao.IUserDAO.findAll  - <==      Total: 13
2022-09-09 11:34:45,385 1285   [           main] DEBUG ansaction.jdbc.JdbcTransaction  - Resetting autocommit to true on JDBC Connection [com.mysql.cj.jdbc.ConnectionImpl@14555e0a]
2022-09-09 11:34:45,385 1285   [           main] DEBUG ansaction.jdbc.JdbcTransaction  - Closing JDBC Connection [com.mysql.cj.jdbc.ConnectionImpl@14555e0a]
2022-09-09 11:34:45,385 1285   [           main] DEBUG source.pooled.PooledDataSource  - Returned connection 341138954 to pool.
2022-09-09 11:46:11,193 0      [           main] DEBUG ache.ibatis.logging.LogFactory  - Logging initialized using 'class org.apache.ibatis.logging.log4j.Log4jImpl' adapter.
2022-09-09 11:46:11,214 21     [           main] DEBUG source.pooled.PooledDataSource  - PooledDataSource forcefully closed/removed all connections.
2022-09-09 11:46:11,214 21     [           main] DEBUG source.pooled.PooledDataSource  - PooledDataSource forcefully closed/removed all connections.
2022-09-09 11:46:11,214 21     [           main] DEBUG source.pooled.PooledDataSource  - PooledDataSource forcefully closed/removed all connections.
2022-09-09 11:46:11,214 21     [           main] DEBUG source.pooled.PooledDataSource  - PooledDataSource forcefully closed/removed all connections.
2022-09-09 11:46:11,298 105    [           main] DEBUG ansaction.jdbc.JdbcTransaction  - Opening JDBC Connection
2022-09-09 11:46:12,475 1282   [           main] DEBUG source.pooled.PooledDataSource  - Created connection 341138954.
2022-09-09 11:46:12,475 1282   [           main] DEBUG ansaction.jdbc.JdbcTransaction  - Setting autocommit to false on JDBC Connection [com.mysql.cj.jdbc.ConnectionImpl@14555e0a]
2022-09-09 11:46:12,539 1346   [           main] DEBUG   es.kiwi.dao.IUserDAO.findAll  - ==>  Preparing: select * from user;
2022-09-09 11:46:12,569 1376   [           main] DEBUG   es.kiwi.dao.IUserDAO.findAll  - ==> Parameters: 
2022-09-09 11:46:12,593 1400   [           main] DEBUG   es.kiwi.dao.IUserDAO.findAll  - <==      Total: 13
2022-09-09 11:46:12,596 1403   [           main] DEBUG ansaction.jdbc.JdbcTransaction  - Resetting autocommit to true on JDBC Connection [com.mysql.cj.jdbc.ConnectionImpl@14555e0a]
2022-09-09 11:46:12,597 1404   [           main] DEBUG ansaction.jdbc.JdbcTransaction  - Closing JDBC Connection [com.mysql.cj.jdbc.ConnectionImpl@14555e0a]
2022-09-09 11:46:12,598 1405   [           main] DEBUG source.pooled.PooledDataSource  - Returned connection 341138954 to pool.
2022-09-09 12:21:08,973 1      [           main] DEBUG ache.ibatis.logging.LogFactory  - Logging initialized using 'class org.apache.ibatis.logging.log4j.Log4jImpl' adapter.
2022-09-09 12:21:09,023 51     [           main] DEBUG source.pooled.PooledDataSource  - PooledDataSource forcefully closed/removed all connections.
2022-09-09 12:21:09,024 52     [           main] DEBUG source.pooled.PooledDataSource  - PooledDataSource forcefully closed/removed all connections.
2022-09-09 12:21:09,024 52     [           main] DEBUG source.pooled.PooledDataSource  - PooledDataSource forcefully closed/removed all connections.
2022-09-09 12:21:09,024 52     [           main] DEBUG source.pooled.PooledDataSource  - PooledDataSource forcefully closed/removed all connections.
2022-09-09 12:21:09,122 150    [           main] DEBUG ansaction.jdbc.JdbcTransaction  - Opening JDBC Connection
2022-09-09 12:21:10,210 1238   [           main] DEBUG source.pooled.PooledDataSource  - Created connection 2039984535.
2022-09-09 12:21:10,210 1238   [           main] DEBUG ansaction.jdbc.JdbcTransaction  - Setting autocommit to false on JDBC Connection [com.mysql.cj.jdbc.ConnectionImpl@7997b197]
2022-09-09 12:21:10,215 1243   [           main] DEBUG   es.kiwi.dao.IUserDAO.findAll  - ==>  Preparing: select * from user;
2022-09-09 12:21:10,248 1276   [           main] DEBUG   es.kiwi.dao.IUserDAO.findAll  - ==> Parameters: 
2022-09-09 12:21:10,294 1322   [           main] DEBUG   es.kiwi.dao.IUserDAO.findAll  - <==      Total: 13
2022-09-09 12:21:10,301 1329   [           main] DEBUG ansaction.jdbc.JdbcTransaction  - Resetting autocommit to true on JDBC Connection [com.mysql.cj.jdbc.ConnectionImpl@7997b197]
2022-09-09 12:21:10,302 1330   [           main] DEBUG ansaction.jdbc.JdbcTransaction  - Closing JDBC Connection [com.mysql.cj.jdbc.ConnectionImpl@7997b197]
2022-09-09 12:21:10,303 1331   [           main] DEBUG source.pooled.PooledDataSource  - Returned connection 2039984535 to pool.
2022-09-09 12:23:13,033 0      [           main] DEBUG ache.ibatis.logging.LogFactory  - Logging initialized using 'class org.apache.ibatis.logging.log4j.Log4jImpl' adapter.
2022-09-09 12:23:13,090 57     [           main] DEBUG source.pooled.PooledDataSource  - PooledDataSource forcefully closed/removed all connections.
2022-09-09 12:23:13,090 57     [           main] DEBUG source.pooled.PooledDataSource  - PooledDataSource forcefully closed/removed all connections.
2022-09-09 12:23:13,090 57     [           main] DEBUG source.pooled.PooledDataSource  - PooledDataSource forcefully closed/removed all connections.
2022-09-09 12:23:13,090 57     [           main] DEBUG source.pooled.PooledDataSource  - PooledDataSource forcefully closed/removed all connections.
2022-09-09 12:24:20,593 67560  [           main] DEBUG ansaction.jdbc.JdbcTransaction  - Opening JDBC Connection
